<?xml version="1.0" encoding="UTF-8"?>
<testng-results skipped="0" failed="0" total="1" passed="1">
  <reporter-output>
  </reporter-output>
  <suite name="Default suite" duration-ms="19785" started-at="2022-01-10T21:12:26Z" finished-at="2022-01-10T21:12:46Z">
    <groups>
    </groups>
    <test name="Default test" duration-ms="19785" started-at="2022-01-10T21:12:26Z" finished-at="2022-01-10T21:12:46Z">
      <class name="com.randomuser.api.rest.scenarios.SceanriosWithApis">
        <test-method status="PASS" signature="setup()[pri:0, instance:com.randomuser.api.rest.scenarios.SceanriosWithApis@ec756bd]" name="setup" is-config="true" duration-ms="9" started-at="2022-01-10T16:12:26Z" finished-at="2022-01-10T16:12:26Z">
          <reporter-output>
          </reporter-output>
        </test-method> <!-- setup -->
        <test-method status="PASS" signature="getApiWithAndWithoutParameters()[pri:0, instance:com.randomuser.api.rest.scenarios.SceanriosWithApis@ec756bd]" name="getApiWithAndWithoutParameters" duration-ms="19767" started-at="2022-01-10T16:12:26Z" finished-at="2022-01-10T16:12:46Z">
          <reporter-output>
          </reporter-output>
        </test-method> <!-- getApiWithAndWithoutParameters -->
      </class> <!-- com.randomuser.api.rest.scenarios.SceanriosWithApis -->
    </test> <!-- Default test -->
  </suite> <!-- Default suite -->
</testng-results>
